INFO main com.imaginea.qctree.hive.Hivejdbc - Adding row : [ P1 Apple Systems s 0.0 ]
INFO main com.imaginea.qctree.hive.Hivejdbc - Adding row : [ P7 Altavista s 0.0 ]
INFO main com.imaginea.qctree.hive.Hivejdbc - Adding row : [ P9 Sibelius s 0.0 ]
INFO main com.imaginea.qctree.hive.Hivejdbc - Adding row : [ P3 Chami p 0.0 ]
INFO main com.imaginea.qctree.hive.Hivejdbc - Adding row : [ P8 Cakewalk p 0.0 ]
INFO main com.imaginea.qctree.hive.Hivejdbc - Adding row : [ P9 Microsoft p 0.0 ]
INFO main com.imaginea.qctree.hive.Hivejdbc - Adding row : [ P8 Sibelius p 0.0 ]
INFO main com.imaginea.qctree.hive.Hivejdbc - Adding row : [ P2 Borland p 0.0 ]
INFO main com.imaginea.qctree.hive.Hivejdbc - Adding row : [ P4 Chami p 0.0 ]
INFO main com.imaginea.qctree.hive.Hivejdbc - Adding row : [ P10 Lavasoft p 0.0 ]
INFO main com.imaginea.qctree.hive.Hivejdbc - Adding row : [ P6 Adobe p 0.0 ]
INFO main com.imaginea.qctree.hive.Hivejdbc - Adding row : [ P2 Cakewalk p 0.0 ]
INFO main com.imaginea.qctree.hive.Hivejdbc - Adding row : [ P1 Chami s 0.0 ]
INFO main com.imaginea.qctree.hive.Hivejdbc - Adding row : [ P10 Finale s 0.0 ]
INFO main com.imaginea.qctree.hive.Hivejdbc - Adding row : [ P9 Cakewalk s 0.0 ]
INFO main com.imaginea.qctree.hive.Hivejdbc - Adding row : [ P7 Apple Systems p 0.0 ]
INFO main com.imaginea.qctree.hive.Hivejdbc - Adding row : [ P9 Borland s 0.0 ]
INFO main com.imaginea.qctree.hive.Hivejdbc - Adding row : [ P6 Microsoft p 0.0 ]
INFO main com.imaginea.qctree.hive.Hivejdbc - Adding row : [ P8 Altavista s 0.0 ]
INFO main com.imaginea.qctree.hive.Hivejdbc - Adding row : [ P4 Lavasoft s 0.0 ]
INFO main com.imaginea.qctree.hive.Hivejdbc - Adding row : [ P10 Adobe s 0.0 ]
INFO main com.imaginea.qctree.hive.Hivejdbc - Adding row : [ P10 Cakewalk p 0.0 ]
INFO main com.imaginea.qctree.hive.Hivejdbc - Adding row : [ P1 Lavasoft s 0.0 ]
INFO main com.imaginea.qctree.hive.Hivejdbc - Adding row : [ P10 Yahoo p 0.0 ]
INFO main com.imaginea.qctree.hive.Hivejdbc - Adding row : [ P7 Cakewalk s 0.0 ]
INFO main com.imaginea.qctree.hive.Hivejdbc - Adding row : [ P1 Borland p 0.0 ]
INFO main com.imaginea.qctree.hive.Hivejdbc - Adding row : [ P3 Macromedia p 0.0 ]
INFO main com.imaginea.qctree.hive.Hivejdbc - Adding row : [ P7 Chami s 0.0 ]
INFO main com.imaginea.qctree.hive.Hivejdbc - Adding row : [ P8 Google p 0.0 ]
INFO main com.imaginea.qctree.hive.Hivejdbc - Adding row : [ P3 Chami s 0.0 ]
INFO main com.imaginea.qctree.hive.Hivejdbc - Adding row : [ P5 Sibelius p 0.0 ]
INFO main com.imaginea.qctree.hive.Hivejdbc - Adding row : [ P8 Google s 0.0 ]
INFO main com.imaginea.qctree.hive.Hivejdbc - Adding row : [ P6 Cakewalk p 0.0 ]
INFO main com.imaginea.qctree.hive.Hivejdbc - /home/hadoop/work/Java-Projects/HiveQctree/qcube_lattice.tsv
INFO main com.imaginea.qctree.hive.Hivejdbc - Adding row : [ P1 Macromedia s 0.0 ]
INFO main com.imaginea.qctree.hive.Hivejdbc - Adding row : [ P9 Sibelius p 0.0 ]
INFO main com.imaginea.qctree.hive.Hivejdbc - Adding row : [ P4 Borland s 0.0 ]
INFO main com.imaginea.qctree.hive.Hivejdbc - Adding row : [ P10 Yahoo s 0.0 ]
INFO main com.imaginea.qctree.hive.Hivejdbc - Adding row : [ P8 Altavista p 0.0 ]
INFO main com.imaginea.qctree.hive.Hivejdbc - Adding row : [ P6 Sibelius s 0.0 ]
INFO main com.imaginea.qctree.hive.Hivejdbc - Adding row : [ P1 Lycos p 0.0 ]
INFO main com.imaginea.qctree.hive.Hivejdbc - Adding row : [ P2 Yahoo s 0.0 ]
INFO main com.imaginea.qctree.hive.Hivejdbc - Adding row : [ P5 Google p 0.0 ]
INFO main com.imaginea.qctree.hive.Hivejdbc - Adding row : [ P3 Google s 0.0 ]
INFO main com.imaginea.qctree.hive.Hivejdbc - Adding row : [ P8 Altavista p 0.0 ]
INFO main com.imaginea.qctree.hive.Hivejdbc - Adding row : [ P2 Microsoft s 0.0 ]
INFO main com.imaginea.qctree.hive.Hivejdbc - Adding row : [ P4 Borland s 0.0 ]
INFO main com.imaginea.qctree.hive.Hivejdbc - Adding row : [ P4 Finale s 0.0 ]
INFO main com.imaginea.qctree.hive.Hivejdbc - Adding row : [ P2 Lavasoft p 0.0 ]
INFO main com.imaginea.qctree.hive.Hivejdbc - Adding row : [ P3 Microsoft s 0.0 ]
INFO main com.imaginea.qctree.hive.Hivejdbc - Adding row : [ P2 Finale s 0.0 ]
INFO main com.imaginea.qctree.hive.Hivejdbc - Adding row : [ P8 Apple Systems p 0.0 ]
INFO main com.imaginea.qctree.hive.Hivejdbc - Adding row : [ P2 Google p 0.0 ]
INFO main com.imaginea.qctree.hive.Hivejdbc - Adding row : [ P1 Borland p 0.0 ]
INFO main com.imaginea.qctree.hive.Hivejdbc - Adding row : [ P4 Lycos p 0.0 ]
INFO main com.imaginea.qctree.hive.Hivejdbc - Adding row : [ P2 Lavasoft s 0.0 ]
INFO main com.imaginea.qctree.hive.Hivejdbc - Adding row : [ P2 Altavista p 0.0 ]
INFO main com.imaginea.qctree.hive.Hivejdbc - Adding row : [ P6 Altavista p 0.0 ]
INFO main com.imaginea.qctree.hive.Hivejdbc - Adding row : [ P2 Altavista s 0.0 ]
INFO main com.imaginea.qctree.hive.Hivejdbc - Adding row : [ P3 Apple Systems s 0.0 ]
INFO main com.imaginea.qctree.hive.Hivejdbc - Adding row : [ P5 Borland s 0.0 ]
INFO main com.imaginea.qctree.hive.Hivejdbc - Adding row : [ P8 Chami s 0.0 ]
INFO main com.imaginea.qctree.hive.Hivejdbc - Adding row : [ P6 Borland s 0.0 ]
INFO main com.imaginea.qctree.hive.Hivejdbc - Adding row : [ P6 Yahoo p 0.0 ]
INFO main com.imaginea.qctree.hive.Hivejdbc - Adding row : [ P3 Google p 0.0 ]
INFO main com.imaginea.qctree.hive.Hivejdbc - Adding row : [ P5 Macromedia s 0.0 ]
INFO main com.imaginea.qctree.hive.Hivejdbc - Adding row : [ P9 Finale s 0.0 ]
INFO main com.imaginea.qctree.hive.Hivejdbc - Adding row : [ P9 Cakewalk p 0.0 ]
INFO main com.imaginea.qctree.hive.Hivejdbc - Adding row : [ P4 Chami p 0.0 ]
INFO main com.imaginea.qctree.hive.Hivejdbc - Adding row : [ P10 Cakewalk s 0.0 ]
INFO main com.imaginea.qctree.hive.Hivejdbc - Adding row : [ P9 Lycos s 0.0 ]
INFO main com.imaginea.qctree.hive.Hivejdbc - Adding row : [ P4 Adobe p 0.0 ]
INFO main com.imaginea.qctree.hive.Hivejdbc - Adding row : [ P6 Altavista s 0.0 ]
INFO main com.imaginea.qctree.hive.Hivejdbc - Adding row : [ P9 Lycos s 0.0 ]
INFO main com.imaginea.qctree.hive.Hivejdbc - Adding row : [ P7 Cakewalk s 0.0 ]
INFO main com.imaginea.qctree.hive.Hivejdbc - Adding row : [ P1 Adobe s 0.0 ]
INFO main com.imaginea.qctree.hive.Hivejdbc - Adding row : [ P5 Yahoo s 0.0 ]
INFO main com.imaginea.qctree.hive.Hivejdbc - Adding row : [ P10 Apple Systems s 0.0 ]
INFO main com.imaginea.qctree.hive.Hivejdbc - Adding row : [ P1 Lycos s 0.0 ]
INFO main com.imaginea.qctree.hive.Hivejdbc - Adding row : [ P6 Microsoft p 0.0 ]
INFO main com.imaginea.qctree.hive.Hivejdbc - Adding row : [ P3 Lycos p 0.0 ]
INFO main com.imaginea.qctree.hive.Hivejdbc - Adding row : [ P9 Yahoo s 0.0 ]
INFO main com.imaginea.qctree.hive.Hivejdbc - Adding row : [ P10 Macromedia p 0.0 ]
INFO main com.imaginea.qctree.hive.Hivejdbc - Adding row : [ P6 Cakewalk s 0.0 ]
INFO main com.imaginea.qctree.hive.Hivejdbc - Adding row : [ P10 Adobe s 0.0 ]
INFO main com.imaginea.qctree.hive.Hivejdbc - Adding row : [ P7 Cakewalk p 0.0 ]
INFO main com.imaginea.qctree.hive.Hivejdbc - Adding row : [ P10 Adobe p 0.0 ]
INFO main com.imaginea.qctree.hive.Hivejdbc - Adding row : [ P1 Apple Systems p 0.0 ]
INFO main com.imaginea.qctree.hive.Hivejdbc - Adding row : [ P10 Altavista s 0.0 ]
INFO main com.imaginea.qctree.hive.Hivejdbc - Adding row : [ P3 Lycos s 0.0 ]
INFO main com.imaginea.qctree.hive.Hivejdbc - Adding row : [ P7 Finale p 0.0 ]
INFO main com.imaginea.qctree.hive.Hivejdbc - Adding row : [ P8 Chami s 0.0 ]
INFO main com.imaginea.qctree.hive.Hivejdbc - Adding row : [ P1 Finale s 0.0 ]
INFO main com.imaginea.qctree.hive.Hivejdbc - Adding row : [ P3 Yahoo s 0.0 ]
INFO main com.imaginea.qctree.hive.Hivejdbc - Adding row : [ P6 Adobe p 0.0 ]
INFO main com.imaginea.qctree.hive.Hivejdbc - Adding row : [ P4 Cakewalk s 0.0 ]
INFO main com.imaginea.qctree.hive.Hivejdbc - Adding row : [ P5 Cakewalk p 0.0 ]
INFO main com.imaginea.qctree.hive.Hivejdbc - Adding row : [ P4 Adobe p 0.0 ]
INFO main com.imaginea.qctree.hive.Hivejdbc - Adding row : [ P1 Sibelius p 0.0 ]
INFO main com.imaginea.qctree.hive.Hivejdbc - Adding row : [ P9 Google p 0.0 ]
INFO main com.imaginea.qctree.hive.Hivejdbc - Adding row : [ P6 Adobe p 0.0 ]
INFO main com.imaginea.qctree.hive.Hivejdbc - Adding row : [ P1 Apple Systems s 0.0 ]
INFO main com.imaginea.qctree.hive.Hivejdbc - Adding row : [ P7 Altavista s 0.0 ]
INFO main com.imaginea.qctree.hive.Hivejdbc - Adding row : [ P9 Sibelius s 0.0 ]
INFO main com.imaginea.qctree.hive.Hivejdbc - Adding row : [ P3 Chami p 0.0 ]
INFO main com.imaginea.qctree.hive.Hivejdbc - Adding row : [ P8 Cakewalk p 0.0 ]
INFO main com.imaginea.qctree.hive.Hivejdbc - Adding row : [ P9 Microsoft p 0.0 ]
INFO main com.imaginea.qctree.hive.Hivejdbc - Adding row : [ P8 Sibelius p 0.0 ]
INFO main com.imaginea.qctree.hive.Hivejdbc - Adding row : [ P2 Borland p 0.0 ]
INFO main com.imaginea.qctree.hive.Hivejdbc - Adding row : [ P4 Chami p 0.0 ]
INFO main com.imaginea.qctree.hive.Hivejdbc - Adding row : [ P10 Lavasoft p 0.0 ]
INFO main com.imaginea.qctree.hive.Hivejdbc - Adding row : [ P6 Adobe p 0.0 ]
INFO main com.imaginea.qctree.hive.Hivejdbc - Adding row : [ P2 Cakewalk p 0.0 ]
INFO main com.imaginea.qctree.hive.Hivejdbc - Adding row : [ P1 Chami s 0.0 ]
INFO main com.imaginea.qctree.hive.Hivejdbc - Adding row : [ P10 Finale s 0.0 ]
INFO main com.imaginea.qctree.hive.Hivejdbc - Adding row : [ P9 Cakewalk s 0.0 ]
INFO main com.imaginea.qctree.hive.Hivejdbc - Adding row : [ P7 Apple Systems p 0.0 ]
INFO main com.imaginea.qctree.hive.Hivejdbc - Adding row : [ P9 Borland s 0.0 ]
INFO main com.imaginea.qctree.hive.Hivejdbc - Adding row : [ P6 Microsoft p 0.0 ]
INFO main com.imaginea.qctree.hive.Hivejdbc - Adding row : [ P8 Altavista s 0.0 ]
INFO main com.imaginea.qctree.hive.Hivejdbc - Adding row : [ P4 Lavasoft s 0.0 ]
INFO main com.imaginea.qctree.hive.Hivejdbc - Adding row : [ P10 Adobe s 0.0 ]
INFO main com.imaginea.qctree.hive.Hivejdbc - Adding row : [ P10 Cakewalk p 0.0 ]
INFO main com.imaginea.qctree.hive.Hivejdbc - Adding row : [ P1 Lavasoft s 0.0 ]
INFO main com.imaginea.qctree.hive.Hivejdbc - Adding row : [ P10 Yahoo p 0.0 ]
INFO main com.imaginea.qctree.hive.Hivejdbc - Adding row : [ P7 Cakewalk s 0.0 ]
INFO main com.imaginea.qctree.hive.Hivejdbc - Adding row : [ P1 Borland p 0.0 ]
INFO main com.imaginea.qctree.hive.Hivejdbc - Adding row : [ P3 Macromedia p 0.0 ]
INFO main com.imaginea.qctree.hive.Hivejdbc - Adding row : [ P7 Chami s 0.0 ]
INFO main com.imaginea.qctree.hive.Hivejdbc - Adding row : [ P8 Google p 0.0 ]
INFO main com.imaginea.qctree.hive.Hivejdbc - Adding row : [ P3 Chami s 0.0 ]
INFO main com.imaginea.qctree.hive.Hivejdbc - Adding row : [ P5 Sibelius p 0.0 ]
INFO main com.imaginea.qctree.hive.Hivejdbc - Adding row : [ P8 Google s 0.0 ]
INFO main com.imaginea.qctree.hive.Hivejdbc - Adding row : [ P6 Cakewalk p 0.0 ]
INFO main com.imaginea.qctree.hive.Hivejdbc - /home/hadoop/work/Java-Projects/HiveQctree/qcube_lattice.tsv
INFO main com.imaginea.qctree.hive.Hivejdbc - Adding row : [ P1 Macromedia s 0.0 ]
INFO main com.imaginea.qctree.hive.Hivejdbc - Adding row : [ P9 Sibelius p 0.0 ]
INFO main com.imaginea.qctree.hive.Hivejdbc - Adding row : [ P4 Borland s 0.0 ]
INFO main com.imaginea.qctree.hive.Hivejdbc - Adding row : [ P10 Yahoo s 0.0 ]
INFO main com.imaginea.qctree.hive.Hivejdbc - Adding row : [ P8 Altavista p 0.0 ]
INFO main com.imaginea.qctree.hive.Hivejdbc - Adding row : [ P6 Sibelius s 0.0 ]
INFO main com.imaginea.qctree.hive.Hivejdbc - Adding row : [ P1 Lycos p 0.0 ]
INFO main com.imaginea.qctree.hive.Hivejdbc - Adding row : [ P2 Yahoo s 0.0 ]
INFO main com.imaginea.qctree.hive.Hivejdbc - Adding row : [ P5 Google p 0.0 ]
INFO main com.imaginea.qctree.hive.Hivejdbc - Adding row : [ P3 Google s 0.0 ]
INFO main com.imaginea.qctree.hive.Hivejdbc - Adding row : [ P8 Altavista p 0.0 ]
INFO main com.imaginea.qctree.hive.Hivejdbc - Adding row : [ P2 Microsoft s 0.0 ]
INFO main com.imaginea.qctree.hive.Hivejdbc - Adding row : [ P4 Borland s 0.0 ]
INFO main com.imaginea.qctree.hive.Hivejdbc - Adding row : [ P4 Finale s 0.0 ]
INFO main com.imaginea.qctree.hive.Hivejdbc - Adding row : [ P2 Lavasoft p 0.0 ]
INFO main com.imaginea.qctree.hive.Hivejdbc - Adding row : [ P3 Microsoft s 0.0 ]
INFO main com.imaginea.qctree.hive.Hivejdbc - Adding row : [ P2 Finale s 0.0 ]
INFO main com.imaginea.qctree.hive.Hivejdbc - Adding row : [ P8 Apple Systems p 0.0 ]
INFO main com.imaginea.qctree.hive.Hivejdbc - Adding row : [ P2 Google p 0.0 ]
INFO main com.imaginea.qctree.hive.Hivejdbc - Adding row : [ P1 Borland p 0.0 ]
INFO main com.imaginea.qctree.hive.Hivejdbc - Adding row : [ P4 Lycos p 0.0 ]
INFO main com.imaginea.qctree.hive.Hivejdbc - Adding row : [ P2 Lavasoft s 0.0 ]
INFO main com.imaginea.qctree.hive.Hivejdbc - Adding row : [ P2 Altavista p 0.0 ]
INFO main com.imaginea.qctree.hive.Hivejdbc - Adding row : [ P6 Altavista p 0.0 ]
INFO main com.imaginea.qctree.hive.Hivejdbc - Adding row : [ P2 Altavista s 0.0 ]
INFO main com.imaginea.qctree.hive.Hivejdbc - Adding row : [ P3 Apple Systems s 0.0 ]
INFO main com.imaginea.qctree.hive.Hivejdbc - Adding row : [ P5 Borland s 0.0 ]
INFO main com.imaginea.qctree.hive.Hivejdbc - Adding row : [ P8 Chami s 0.0 ]
INFO main com.imaginea.qctree.hive.Hivejdbc - Adding row : [ P6 Borland s 0.0 ]
INFO main com.imaginea.qctree.hive.Hivejdbc - Adding row : [ P6 Yahoo p 0.0 ]
INFO main com.imaginea.qctree.hive.Hivejdbc - Adding row : [ P3 Google p 0.0 ]
INFO main com.imaginea.qctree.hive.Hivejdbc - Adding row : [ P5 Macromedia s 0.0 ]
INFO main com.imaginea.qctree.hive.Hivejdbc - Adding row : [ P9 Finale s 0.0 ]
INFO main com.imaginea.qctree.hive.Hivejdbc - Adding row : [ P9 Cakewalk p 0.0 ]
INFO main com.imaginea.qctree.hive.Hivejdbc - Adding row : [ P4 Chami p 0.0 ]
INFO main com.imaginea.qctree.hive.Hivejdbc - Adding row : [ P10 Cakewalk s 0.0 ]
INFO main com.imaginea.qctree.hive.Hivejdbc - Adding row : [ P9 Lycos s 0.0 ]
INFO main com.imaginea.qctree.hive.Hivejdbc - Adding row : [ P4 Adobe p 0.0 ]
INFO main com.imaginea.qctree.hive.Hivejdbc - Adding row : [ P6 Altavista s 0.0 ]
INFO main com.imaginea.qctree.hive.Hivejdbc - Adding row : [ P9 Lycos s 0.0 ]
INFO main com.imaginea.qctree.hive.Hivejdbc - Adding row : [ P7 Cakewalk s 0.0 ]
INFO main com.imaginea.qctree.hive.Hivejdbc - Adding row : [ P1 Adobe s 0.0 ]
INFO main com.imaginea.qctree.hive.Hivejdbc - Adding row : [ P5 Yahoo s 0.0 ]
INFO main com.imaginea.qctree.hive.Hivejdbc - Adding row : [ P10 Apple Systems s 0.0 ]
INFO main com.imaginea.qctree.hive.Hivejdbc - Adding row : [ P1 Lycos s 0.0 ]
INFO main com.imaginea.qctree.hive.Hivejdbc - Adding row : [ P6 Microsoft p 0.0 ]
INFO main com.imaginea.qctree.hive.Hivejdbc - Adding row : [ P3 Lycos p 0.0 ]
INFO main com.imaginea.qctree.hive.Hivejdbc - Adding row : [ P9 Yahoo s 0.0 ]
INFO main com.imaginea.qctree.hive.Hivejdbc - Adding row : [ P10 Macromedia p 0.0 ]
INFO main com.imaginea.qctree.hive.Hivejdbc - Adding row : [ P6 Cakewalk s 0.0 ]
INFO main com.imaginea.qctree.hive.Hivejdbc - Adding row : [ P10 Adobe s 0.0 ]
INFO main com.imaginea.qctree.hive.Hivejdbc - Adding row : [ P7 Cakewalk p 0.0 ]
INFO main com.imaginea.qctree.hive.Hivejdbc - Adding row : [ P10 Adobe p 0.0 ]
INFO main com.imaginea.qctree.hive.Hivejdbc - Adding row : [ P1 Apple Systems p 0.0 ]
INFO main com.imaginea.qctree.hive.Hivejdbc - Adding row : [ P10 Altavista s 0.0 ]
INFO main com.imaginea.qctree.hive.Hivejdbc - Adding row : [ P3 Lycos s 0.0 ]
INFO main com.imaginea.qctree.hive.Hivejdbc - Adding row : [ P7 Finale p 0.0 ]
INFO main com.imaginea.qctree.hive.Hivejdbc - Adding row : [ P8 Chami s 0.0 ]
INFO main com.imaginea.qctree.hive.Hivejdbc - Adding row : [ P1 Finale s 0.0 ]
INFO main com.imaginea.qctree.hive.Hivejdbc - Adding row : [ P3 Yahoo s 0.0 ]
INFO main com.imaginea.qctree.hive.Hivejdbc - Adding row : [ P6 Adobe p 0.0 ]
INFO main com.imaginea.qctree.hive.Hivejdbc - Adding row : [ P4 Cakewalk s 0.0 ]
INFO main com.imaginea.qctree.hive.Hivejdbc - Adding row : [ P5 Cakewalk p 0.0 ]
INFO main com.imaginea.qctree.hive.Hivejdbc - Adding row : [ P4 Adobe p 0.0 ]
INFO main com.imaginea.qctree.hive.Hivejdbc - Adding row : [ P1 Sibelius p 0.0 ]
INFO main com.imaginea.qctree.hive.Hivejdbc - Adding row : [ P9 Google p 0.0 ]
INFO main com.imaginea.qctree.hive.Hivejdbc - Adding row : [ P6 Adobe p 0.0 ]
INFO main com.imaginea.qctree.hive.Hivejdbc - Adding row : [ P1 Apple Systems s 0.0 ]
INFO main com.imaginea.qctree.hive.Hivejdbc - Adding row : [ P7 Altavista s 0.0 ]
INFO main com.imaginea.qctree.hive.Hivejdbc - Adding row : [ P9 Sibelius s 0.0 ]
INFO main com.imaginea.qctree.hive.Hivejdbc - Adding row : [ P3 Chami p 0.0 ]
INFO main com.imaginea.qctree.hive.Hivejdbc - Adding row : [ P8 Cakewalk p 0.0 ]
INFO main com.imaginea.qctree.hive.Hivejdbc - Adding row : [ P9 Microsoft p 0.0 ]
INFO main com.imaginea.qctree.hive.Hivejdbc - Adding row : [ P8 Sibelius p 0.0 ]
INFO main com.imaginea.qctree.hive.Hivejdbc - Adding row : [ P2 Borland p 0.0 ]
INFO main com.imaginea.qctree.hive.Hivejdbc - Adding row : [ P4 Chami p 0.0 ]
INFO main com.imaginea.qctree.hive.Hivejdbc - Adding row : [ P10 Lavasoft p 0.0 ]
INFO main com.imaginea.qctree.hive.Hivejdbc - Adding row : [ P6 Adobe p 0.0 ]
INFO main com.imaginea.qctree.hive.Hivejdbc - Adding row : [ P2 Cakewalk p 0.0 ]
INFO main com.imaginea.qctree.hive.Hivejdbc - Adding row : [ P1 Chami s 0.0 ]
INFO main com.imaginea.qctree.hive.Hivejdbc - Adding row : [ P10 Finale s 0.0 ]
INFO main com.imaginea.qctree.hive.Hivejdbc - Adding row : [ P9 Cakewalk s 0.0 ]
INFO main com.imaginea.qctree.hive.Hivejdbc - Adding row : [ P7 Apple Systems p 0.0 ]
INFO main com.imaginea.qctree.hive.Hivejdbc - Adding row : [ P9 Borland s 0.0 ]
INFO main com.imaginea.qctree.hive.Hivejdbc - Adding row : [ P6 Microsoft p 0.0 ]
INFO main com.imaginea.qctree.hive.Hivejdbc - Adding row : [ P8 Altavista s 0.0 ]
INFO main com.imaginea.qctree.hive.Hivejdbc - Adding row : [ P4 Lavasoft s 0.0 ]
INFO main com.imaginea.qctree.hive.Hivejdbc - Adding row : [ P10 Adobe s 0.0 ]
INFO main com.imaginea.qctree.hive.Hivejdbc - Adding row : [ P10 Cakewalk p 0.0 ]
INFO main com.imaginea.qctree.hive.Hivejdbc - Adding row : [ P1 Lavasoft s 0.0 ]
INFO main com.imaginea.qctree.hive.Hivejdbc - Adding row : [ P10 Yahoo p 0.0 ]
INFO main com.imaginea.qctree.hive.Hivejdbc - Adding row : [ P7 Cakewalk s 0.0 ]
INFO main com.imaginea.qctree.hive.Hivejdbc - Adding row : [ P1 Borland p 0.0 ]
INFO main com.imaginea.qctree.hive.Hivejdbc - Adding row : [ P3 Macromedia p 0.0 ]
INFO main com.imaginea.qctree.hive.Hivejdbc - Adding row : [ P7 Chami s 0.0 ]
INFO main com.imaginea.qctree.hive.Hivejdbc - Adding row : [ P8 Google p 0.0 ]
INFO main com.imaginea.qctree.hive.Hivejdbc - Adding row : [ P3 Chami s 0.0 ]
INFO main com.imaginea.qctree.hive.Hivejdbc - Adding row : [ P5 Sibelius p 0.0 ]
INFO main com.imaginea.qctree.hive.Hivejdbc - Adding row : [ P8 Google s 0.0 ]
INFO main com.imaginea.qctree.hive.Hivejdbc - Adding row : [ P6 Cakewalk p 0.0 ]
INFO main com.imaginea.qctree.hive.Hivejdbc - /home/hadoop/work/Java-Projects/HiveQctree/qcube_lattice.csv
INFO main com.imaginea.qctree.hive.Hivejdbc - Adding row : [ P1 Macromedia s 0.0 ]
INFO main com.imaginea.qctree.hive.Hivejdbc - Adding row : [ P9 Sibelius p 0.0 ]
INFO main com.imaginea.qctree.hive.Hivejdbc - Adding row : [ P4 Borland s 0.0 ]
INFO main com.imaginea.qctree.hive.Hivejdbc - Adding row : [ P10 Yahoo s 0.0 ]
INFO main com.imaginea.qctree.hive.Hivejdbc - Adding row : [ P8 Altavista p 0.0 ]
INFO main com.imaginea.qctree.hive.Hivejdbc - Adding row : [ P6 Sibelius s 0.0 ]
INFO main com.imaginea.qctree.hive.Hivejdbc - Adding row : [ P1 Lycos p 0.0 ]
INFO main com.imaginea.qctree.hive.Hivejdbc - Adding row : [ P2 Yahoo s 0.0 ]
INFO main com.imaginea.qctree.hive.Hivejdbc - Adding row : [ P5 Google p 0.0 ]
INFO main com.imaginea.qctree.hive.Hivejdbc - Adding row : [ P3 Google s 0.0 ]
INFO main com.imaginea.qctree.hive.Hivejdbc - Adding row : [ P8 Altavista p 0.0 ]
INFO main com.imaginea.qctree.hive.Hivejdbc - Adding row : [ P2 Microsoft s 0.0 ]
INFO main com.imaginea.qctree.hive.Hivejdbc - Adding row : [ P4 Borland s 0.0 ]
INFO main com.imaginea.qctree.hive.Hivejdbc - Adding row : [ P4 Finale s 0.0 ]
INFO main com.imaginea.qctree.hive.Hivejdbc - Adding row : [ P2 Lavasoft p 0.0 ]
INFO main com.imaginea.qctree.hive.Hivejdbc - Adding row : [ P3 Microsoft s 0.0 ]
INFO main com.imaginea.qctree.hive.Hivejdbc - Adding row : [ P2 Finale s 0.0 ]
INFO main com.imaginea.qctree.hive.Hivejdbc - Adding row : [ P8 Apple Systems p 0.0 ]
INFO main com.imaginea.qctree.hive.Hivejdbc - Adding row : [ P2 Google p 0.0 ]
INFO main com.imaginea.qctree.hive.Hivejdbc - Adding row : [ P1 Borland p 0.0 ]
INFO main com.imaginea.qctree.hive.Hivejdbc - Adding row : [ P4 Lycos p 0.0 ]
INFO main com.imaginea.qctree.hive.Hivejdbc - Adding row : [ P2 Lavasoft s 0.0 ]
INFO main com.imaginea.qctree.hive.Hivejdbc - Adding row : [ P2 Altavista p 0.0 ]
INFO main com.imaginea.qctree.hive.Hivejdbc - Adding row : [ P6 Altavista p 0.0 ]
INFO main com.imaginea.qctree.hive.Hivejdbc - Adding row : [ P2 Altavista s 0.0 ]
INFO main com.imaginea.qctree.hive.Hivejdbc - Adding row : [ P3 Apple Systems s 0.0 ]
INFO main com.imaginea.qctree.hive.Hivejdbc - Adding row : [ P5 Borland s 0.0 ]
INFO main com.imaginea.qctree.hive.Hivejdbc - Adding row : [ P8 Chami s 0.0 ]
INFO main com.imaginea.qctree.hive.Hivejdbc - Adding row : [ P6 Borland s 0.0 ]
INFO main com.imaginea.qctree.hive.Hivejdbc - Adding row : [ P6 Yahoo p 0.0 ]
INFO main com.imaginea.qctree.hive.Hivejdbc - Adding row : [ P3 Google p 0.0 ]
INFO main com.imaginea.qctree.hive.Hivejdbc - Adding row : [ P5 Macromedia s 0.0 ]
INFO main com.imaginea.qctree.hive.Hivejdbc - Adding row : [ P9 Finale s 0.0 ]
INFO main com.imaginea.qctree.hive.Hivejdbc - Adding row : [ P9 Cakewalk p 0.0 ]
INFO main com.imaginea.qctree.hive.Hivejdbc - Adding row : [ P4 Chami p 0.0 ]
INFO main com.imaginea.qctree.hive.Hivejdbc - Adding row : [ P10 Cakewalk s 0.0 ]
INFO main com.imaginea.qctree.hive.Hivejdbc - Adding row : [ P9 Lycos s 0.0 ]
INFO main com.imaginea.qctree.hive.Hivejdbc - Adding row : [ P4 Adobe p 0.0 ]
INFO main com.imaginea.qctree.hive.Hivejdbc - Adding row : [ P6 Altavista s 0.0 ]
INFO main com.imaginea.qctree.hive.Hivejdbc - Adding row : [ P9 Lycos s 0.0 ]
INFO main com.imaginea.qctree.hive.Hivejdbc - Adding row : [ P7 Cakewalk s 0.0 ]
INFO main com.imaginea.qctree.hive.Hivejdbc - Adding row : [ P1 Adobe s 0.0 ]
INFO main com.imaginea.qctree.hive.Hivejdbc - Adding row : [ P5 Yahoo s 0.0 ]
INFO main com.imaginea.qctree.hive.Hivejdbc - Adding row : [ P10 Apple Systems s 0.0 ]
INFO main com.imaginea.qctree.hive.Hivejdbc - Adding row : [ P1 Lycos s 0.0 ]
INFO main com.imaginea.qctree.hive.Hivejdbc - Adding row : [ P6 Microsoft p 0.0 ]
INFO main com.imaginea.qctree.hive.Hivejdbc - Adding row : [ P3 Lycos p 0.0 ]
INFO main com.imaginea.qctree.hive.Hivejdbc - Adding row : [ P9 Yahoo s 0.0 ]
INFO main com.imaginea.qctree.hive.Hivejdbc - Adding row : [ P10 Macromedia p 0.0 ]
INFO main com.imaginea.qctree.hive.Hivejdbc - Adding row : [ P6 Cakewalk s 0.0 ]
INFO main com.imaginea.qctree.hive.Hivejdbc - Adding row : [ P10 Adobe s 0.0 ]
INFO main com.imaginea.qctree.hive.Hivejdbc - Adding row : [ P7 Cakewalk p 0.0 ]
INFO main com.imaginea.qctree.hive.Hivejdbc - Adding row : [ P10 Adobe p 0.0 ]
INFO main com.imaginea.qctree.hive.Hivejdbc - Adding row : [ P1 Apple Systems p 0.0 ]
INFO main com.imaginea.qctree.hive.Hivejdbc - Adding row : [ P10 Altavista s 0.0 ]
INFO main com.imaginea.qctree.hive.Hivejdbc - Adding row : [ P3 Lycos s 0.0 ]
INFO main com.imaginea.qctree.hive.Hivejdbc - Adding row : [ P7 Finale p 0.0 ]
INFO main com.imaginea.qctree.hive.Hivejdbc - Adding row : [ P8 Chami s 0.0 ]
INFO main com.imaginea.qctree.hive.Hivejdbc - Adding row : [ P1 Finale s 0.0 ]
INFO main com.imaginea.qctree.hive.Hivejdbc - Adding row : [ P3 Yahoo s 0.0 ]
INFO main com.imaginea.qctree.hive.Hivejdbc - Adding row : [ P6 Adobe p 0.0 ]
INFO main com.imaginea.qctree.hive.Hivejdbc - Adding row : [ P4 Cakewalk s 0.0 ]
INFO main com.imaginea.qctree.hive.Hivejdbc - Adding row : [ P5 Cakewalk p 0.0 ]
INFO main com.imaginea.qctree.hive.Hivejdbc - Adding row : [ P4 Adobe p 0.0 ]
INFO main com.imaginea.qctree.hive.Hivejdbc - Adding row : [ P1 Sibelius p 0.0 ]
INFO main com.imaginea.qctree.hive.Hivejdbc - Adding row : [ P9 Google p 0.0 ]
INFO main com.imaginea.qctree.hive.Hivejdbc - Adding row : [ P6 Adobe p 0.0 ]
INFO main com.imaginea.qctree.hive.Hivejdbc - Adding row : [ P1 Apple Systems s 0.0 ]
INFO main com.imaginea.qctree.hive.Hivejdbc - Adding row : [ P7 Altavista s 0.0 ]
INFO main com.imaginea.qctree.hive.Hivejdbc - Adding row : [ P9 Sibelius s 0.0 ]
INFO main com.imaginea.qctree.hive.Hivejdbc - Adding row : [ P3 Chami p 0.0 ]
INFO main com.imaginea.qctree.hive.Hivejdbc - Adding row : [ P8 Cakewalk p 0.0 ]
INFO main com.imaginea.qctree.hive.Hivejdbc - Adding row : [ P9 Microsoft p 0.0 ]
INFO main com.imaginea.qctree.hive.Hivejdbc - Adding row : [ P8 Sibelius p 0.0 ]
INFO main com.imaginea.qctree.hive.Hivejdbc - Adding row : [ P2 Borland p 0.0 ]
INFO main com.imaginea.qctree.hive.Hivejdbc - Adding row : [ P4 Chami p 0.0 ]
INFO main com.imaginea.qctree.hive.Hivejdbc - Adding row : [ P10 Lavasoft p 0.0 ]
INFO main com.imaginea.qctree.hive.Hivejdbc - Adding row : [ P6 Adobe p 0.0 ]
INFO main com.imaginea.qctree.hive.Hivejdbc - Adding row : [ P2 Cakewalk p 0.0 ]
INFO main com.imaginea.qctree.hive.Hivejdbc - Adding row : [ P1 Chami s 0.0 ]
INFO main com.imaginea.qctree.hive.Hivejdbc - Adding row : [ P10 Finale s 0.0 ]
INFO main com.imaginea.qctree.hive.Hivejdbc - Adding row : [ P9 Cakewalk s 0.0 ]
INFO main com.imaginea.qctree.hive.Hivejdbc - Adding row : [ P7 Apple Systems p 0.0 ]
INFO main com.imaginea.qctree.hive.Hivejdbc - Adding row : [ P9 Borland s 0.0 ]
INFO main com.imaginea.qctree.hive.Hivejdbc - Adding row : [ P6 Microsoft p 0.0 ]
INFO main com.imaginea.qctree.hive.Hivejdbc - Adding row : [ P8 Altavista s 0.0 ]
INFO main com.imaginea.qctree.hive.Hivejdbc - Adding row : [ P4 Lavasoft s 0.0 ]
INFO main com.imaginea.qctree.hive.Hivejdbc - Adding row : [ P10 Adobe s 0.0 ]
INFO main com.imaginea.qctree.hive.Hivejdbc - Adding row : [ P10 Cakewalk p 0.0 ]
INFO main com.imaginea.qctree.hive.Hivejdbc - Adding row : [ P1 Lavasoft s 0.0 ]
INFO main com.imaginea.qctree.hive.Hivejdbc - Adding row : [ P10 Yahoo p 0.0 ]
INFO main com.imaginea.qctree.hive.Hivejdbc - Adding row : [ P7 Cakewalk s 0.0 ]
INFO main com.imaginea.qctree.hive.Hivejdbc - Adding row : [ P1 Borland p 0.0 ]
INFO main com.imaginea.qctree.hive.Hivejdbc - Adding row : [ P3 Macromedia p 0.0 ]
INFO main com.imaginea.qctree.hive.Hivejdbc - Adding row : [ P7 Chami s 0.0 ]
INFO main com.imaginea.qctree.hive.Hivejdbc - Adding row : [ P8 Google p 0.0 ]
INFO main com.imaginea.qctree.hive.Hivejdbc - Adding row : [ P3 Chami s 0.0 ]
INFO main com.imaginea.qctree.hive.Hivejdbc - Adding row : [ P5 Sibelius p 0.0 ]
INFO main com.imaginea.qctree.hive.Hivejdbc - Adding row : [ P8 Google s 0.0 ]
INFO main com.imaginea.qctree.hive.Hivejdbc - Adding row : [ P6 Cakewalk p 0.0 ]
INFO main com.imaginea.qctree.hive.Hivejdbc - /home/hadoop/work/Java-Projects/HiveQctree/qcube_lattice.csv
INFO main com.imaginea.qctree.hive.Hivejdbc - Adding row : [ P1 Macromedia s 0.0 ]
INFO main com.imaginea.qctree.hive.Hivejdbc - Adding row : [ P9 Sibelius p 0.0 ]
INFO main com.imaginea.qctree.hive.Hivejdbc - Adding row : [ P4 Borland s 0.0 ]
INFO main com.imaginea.qctree.hive.Hivejdbc - Adding row : [ P10 Yahoo s 0.0 ]
INFO main com.imaginea.qctree.hive.Hivejdbc - Adding row : [ P8 Altavista p 0.0 ]
INFO main com.imaginea.qctree.hive.Hivejdbc - Adding row : [ P6 Sibelius s 0.0 ]
INFO main com.imaginea.qctree.hive.Hivejdbc - Adding row : [ P1 Lycos p 0.0 ]
INFO main com.imaginea.qctree.hive.Hivejdbc - Adding row : [ P2 Yahoo s 0.0 ]
INFO main com.imaginea.qctree.hive.Hivejdbc - Adding row : [ P5 Google p 0.0 ]
INFO main com.imaginea.qctree.hive.Hivejdbc - Adding row : [ P3 Google s 0.0 ]
INFO main com.imaginea.qctree.hive.Hivejdbc - Adding row : [ P8 Altavista p 0.0 ]
INFO main com.imaginea.qctree.hive.Hivejdbc - Adding row : [ P2 Microsoft s 0.0 ]
INFO main com.imaginea.qctree.hive.Hivejdbc - Adding row : [ P4 Borland s 0.0 ]
INFO main com.imaginea.qctree.hive.Hivejdbc - Adding row : [ P4 Finale s 0.0 ]
INFO main com.imaginea.qctree.hive.Hivejdbc - Adding row : [ P2 Lavasoft p 0.0 ]
INFO main com.imaginea.qctree.hive.Hivejdbc - Adding row : [ P3 Microsoft s 0.0 ]
INFO main com.imaginea.qctree.hive.Hivejdbc - Adding row : [ P2 Finale s 0.0 ]
INFO main com.imaginea.qctree.hive.Hivejdbc - Adding row : [ P8 Apple Systems p 0.0 ]
INFO main com.imaginea.qctree.hive.Hivejdbc - Adding row : [ P2 Google p 0.0 ]
INFO main com.imaginea.qctree.hive.Hivejdbc - Adding row : [ P1 Borland p 0.0 ]
INFO main com.imaginea.qctree.hive.Hivejdbc - Adding row : [ P4 Lycos p 0.0 ]
INFO main com.imaginea.qctree.hive.Hivejdbc - Adding row : [ P2 Lavasoft s 0.0 ]
INFO main com.imaginea.qctree.hive.Hivejdbc - Adding row : [ P2 Altavista p 0.0 ]
INFO main com.imaginea.qctree.hive.Hivejdbc - Adding row : [ P6 Altavista p 0.0 ]
INFO main com.imaginea.qctree.hive.Hivejdbc - Adding row : [ P2 Altavista s 0.0 ]
INFO main com.imaginea.qctree.hive.Hivejdbc - Adding row : [ P3 Apple Systems s 0.0 ]
INFO main com.imaginea.qctree.hive.Hivejdbc - Adding row : [ P5 Borland s 0.0 ]
INFO main com.imaginea.qctree.hive.Hivejdbc - Adding row : [ P8 Chami s 0.0 ]
INFO main com.imaginea.qctree.hive.Hivejdbc - Adding row : [ P6 Borland s 0.0 ]
INFO main com.imaginea.qctree.hive.Hivejdbc - Adding row : [ P6 Yahoo p 0.0 ]
INFO main com.imaginea.qctree.hive.Hivejdbc - Adding row : [ P3 Google p 0.0 ]
INFO main com.imaginea.qctree.hive.Hivejdbc - Adding row : [ P5 Macromedia s 0.0 ]
INFO main com.imaginea.qctree.hive.Hivejdbc - Adding row : [ P9 Finale s 0.0 ]
INFO main com.imaginea.qctree.hive.Hivejdbc - Adding row : [ P9 Cakewalk p 0.0 ]
INFO main com.imaginea.qctree.hive.Hivejdbc - Adding row : [ P4 Chami p 0.0 ]
INFO main com.imaginea.qctree.hive.Hivejdbc - Adding row : [ P10 Cakewalk s 0.0 ]
INFO main com.imaginea.qctree.hive.Hivejdbc - Adding row : [ P9 Lycos s 0.0 ]
INFO main com.imaginea.qctree.hive.Hivejdbc - Adding row : [ P4 Adobe p 0.0 ]
INFO main com.imaginea.qctree.hive.Hivejdbc - Adding row : [ P6 Altavista s 0.0 ]
INFO main com.imaginea.qctree.hive.Hivejdbc - Adding row : [ P9 Lycos s 0.0 ]
INFO main com.imaginea.qctree.hive.Hivejdbc - Adding row : [ P7 Cakewalk s 0.0 ]
INFO main com.imaginea.qctree.hive.Hivejdbc - Adding row : [ P1 Adobe s 0.0 ]
INFO main com.imaginea.qctree.hive.Hivejdbc - Adding row : [ P5 Yahoo s 0.0 ]
INFO main com.imaginea.qctree.hive.Hivejdbc - Adding row : [ P10 Apple Systems s 0.0 ]
INFO main com.imaginea.qctree.hive.Hivejdbc - Adding row : [ P1 Lycos s 0.0 ]
INFO main com.imaginea.qctree.hive.Hivejdbc - Adding row : [ P6 Microsoft p 0.0 ]
INFO main com.imaginea.qctree.hive.Hivejdbc - Adding row : [ P3 Lycos p 0.0 ]
INFO main com.imaginea.qctree.hive.Hivejdbc - Adding row : [ P9 Yahoo s 0.0 ]
INFO main com.imaginea.qctree.hive.Hivejdbc - Adding row : [ P10 Macromedia p 0.0 ]
INFO main com.imaginea.qctree.hive.Hivejdbc - Adding row : [ P6 Cakewalk s 0.0 ]
INFO main com.imaginea.qctree.hive.Hivejdbc - Adding row : [ P10 Adobe s 0.0 ]
INFO main com.imaginea.qctree.hive.Hivejdbc - Adding row : [ P7 Cakewalk p 0.0 ]
INFO main com.imaginea.qctree.hive.Hivejdbc - Adding row : [ P10 Adobe p 0.0 ]
INFO main com.imaginea.qctree.hive.Hivejdbc - Adding row : [ P1 Apple Systems p 0.0 ]
INFO main com.imaginea.qctree.hive.Hivejdbc - Adding row : [ P10 Altavista s 0.0 ]
INFO main com.imaginea.qctree.hive.Hivejdbc - Adding row : [ P3 Lycos s 0.0 ]
INFO main com.imaginea.qctree.hive.Hivejdbc - Adding row : [ P7 Finale p 0.0 ]
INFO main com.imaginea.qctree.hive.Hivejdbc - Adding row : [ P8 Chami s 0.0 ]
INFO main com.imaginea.qctree.hive.Hivejdbc - Adding row : [ P1 Finale s 0.0 ]
INFO main com.imaginea.qctree.hive.Hivejdbc - Adding row : [ P3 Yahoo s 0.0 ]
INFO main com.imaginea.qctree.hive.Hivejdbc - Adding row : [ P6 Adobe p 0.0 ]
INFO main com.imaginea.qctree.hive.Hivejdbc - Adding row : [ P4 Cakewalk s 0.0 ]
INFO main com.imaginea.qctree.hive.Hivejdbc - Adding row : [ P5 Cakewalk p 0.0 ]
INFO main com.imaginea.qctree.hive.Hivejdbc - Adding row : [ P4 Adobe p 0.0 ]
INFO main com.imaginea.qctree.hive.Hivejdbc - Adding row : [ P1 Sibelius p 0.0 ]
INFO main com.imaginea.qctree.hive.Hivejdbc - Adding row : [ P9 Google p 0.0 ]
INFO main com.imaginea.qctree.hive.Hivejdbc - Adding row : [ P6 Adobe p 0.0 ]
INFO main com.imaginea.qctree.hive.Hivejdbc - Adding row : [ P1 Apple Systems s 0.0 ]
INFO main com.imaginea.qctree.hive.Hivejdbc - Adding row : [ P7 Altavista s 0.0 ]
INFO main com.imaginea.qctree.hive.Hivejdbc - Adding row : [ P9 Sibelius s 0.0 ]
INFO main com.imaginea.qctree.hive.Hivejdbc - Adding row : [ P3 Chami p 0.0 ]
INFO main com.imaginea.qctree.hive.Hivejdbc - Adding row : [ P8 Cakewalk p 0.0 ]
INFO main com.imaginea.qctree.hive.Hivejdbc - Adding row : [ P9 Microsoft p 0.0 ]
INFO main com.imaginea.qctree.hive.Hivejdbc - Adding row : [ P8 Sibelius p 0.0 ]
INFO main com.imaginea.qctree.hive.Hivejdbc - Adding row : [ P2 Borland p 0.0 ]
INFO main com.imaginea.qctree.hive.Hivejdbc - Adding row : [ P4 Chami p 0.0 ]
INFO main com.imaginea.qctree.hive.Hivejdbc - Adding row : [ P10 Lavasoft p 0.0 ]
INFO main com.imaginea.qctree.hive.Hivejdbc - Adding row : [ P6 Adobe p 0.0 ]
INFO main com.imaginea.qctree.hive.Hivejdbc - Adding row : [ P2 Cakewalk p 0.0 ]
INFO main com.imaginea.qctree.hive.Hivejdbc - Adding row : [ P1 Chami s 0.0 ]
INFO main com.imaginea.qctree.hive.Hivejdbc - Adding row : [ P10 Finale s 0.0 ]
INFO main com.imaginea.qctree.hive.Hivejdbc - Adding row : [ P9 Cakewalk s 0.0 ]
INFO main com.imaginea.qctree.hive.Hivejdbc - Adding row : [ P7 Apple Systems p 0.0 ]
INFO main com.imaginea.qctree.hive.Hivejdbc - Adding row : [ P9 Borland s 0.0 ]
INFO main com.imaginea.qctree.hive.Hivejdbc - Adding row : [ P6 Microsoft p 0.0 ]
INFO main com.imaginea.qctree.hive.Hivejdbc - Adding row : [ P8 Altavista s 0.0 ]
INFO main com.imaginea.qctree.hive.Hivejdbc - Adding row : [ P4 Lavasoft s 0.0 ]
INFO main com.imaginea.qctree.hive.Hivejdbc - Adding row : [ P10 Adobe s 0.0 ]
INFO main com.imaginea.qctree.hive.Hivejdbc - Adding row : [ P10 Cakewalk p 0.0 ]
INFO main com.imaginea.qctree.hive.Hivejdbc - Adding row : [ P1 Lavasoft s 0.0 ]
INFO main com.imaginea.qctree.hive.Hivejdbc - Adding row : [ P10 Yahoo p 0.0 ]
INFO main com.imaginea.qctree.hive.Hivejdbc - Adding row : [ P7 Cakewalk s 0.0 ]
INFO main com.imaginea.qctree.hive.Hivejdbc - Adding row : [ P1 Borland p 0.0 ]
INFO main com.imaginea.qctree.hive.Hivejdbc - Adding row : [ P3 Macromedia p 0.0 ]
INFO main com.imaginea.qctree.hive.Hivejdbc - Adding row : [ P7 Chami s 0.0 ]
INFO main com.imaginea.qctree.hive.Hivejdbc - Adding row : [ P8 Google p 0.0 ]
INFO main com.imaginea.qctree.hive.Hivejdbc - Adding row : [ P3 Chami s 0.0 ]
INFO main com.imaginea.qctree.hive.Hivejdbc - Adding row : [ P5 Sibelius p 0.0 ]
INFO main com.imaginea.qctree.hive.Hivejdbc - Adding row : [ P8 Google s 0.0 ]
INFO main com.imaginea.qctree.hive.Hivejdbc - Adding row : [ P6 Cakewalk p 0.0 ]
INFO main com.imaginea.qctree.hive.Hivejdbc - /home/hadoop/work/Java-Projects/HiveQctree/qcube_lattice.csv
INFO main com.imaginea.qctree.hive.Hivejdbc - Adding row : [ P1 Macromedia s 0.0 ]
INFO main com.imaginea.qctree.hive.Hivejdbc - Adding row : [ P9 Sibelius p 0.0 ]
INFO main com.imaginea.qctree.hive.Hivejdbc - Adding row : [ P4 Borland s 0.0 ]
INFO main com.imaginea.qctree.hive.Hivejdbc - Adding row : [ P10 Yahoo s 0.0 ]
INFO main com.imaginea.qctree.hive.Hivejdbc - Adding row : [ P8 Altavista p 0.0 ]
INFO main com.imaginea.qctree.hive.Hivejdbc - Adding row : [ P6 Sibelius s 0.0 ]
INFO main com.imaginea.qctree.hive.Hivejdbc - Adding row : [ P1 Lycos p 0.0 ]
INFO main com.imaginea.qctree.hive.Hivejdbc - Adding row : [ P2 Yahoo s 0.0 ]
INFO main com.imaginea.qctree.hive.Hivejdbc - Adding row : [ P5 Google p 0.0 ]
INFO main com.imaginea.qctree.hive.Hivejdbc - Adding row : [ P3 Google s 0.0 ]
INFO main com.imaginea.qctree.hive.Hivejdbc - Adding row : [ P8 Altavista p 0.0 ]
INFO main com.imaginea.qctree.hive.Hivejdbc - Adding row : [ P2 Microsoft s 0.0 ]
INFO main com.imaginea.qctree.hive.Hivejdbc - Adding row : [ P4 Borland s 0.0 ]
INFO main com.imaginea.qctree.hive.Hivejdbc - Adding row : [ P4 Finale s 0.0 ]
INFO main com.imaginea.qctree.hive.Hivejdbc - Adding row : [ P2 Lavasoft p 0.0 ]
INFO main com.imaginea.qctree.hive.Hivejdbc - Adding row : [ P3 Microsoft s 0.0 ]
INFO main com.imaginea.qctree.hive.Hivejdbc - Adding row : [ P2 Finale s 0.0 ]
INFO main com.imaginea.qctree.hive.Hivejdbc - Adding row : [ P8 Apple Systems p 0.0 ]
INFO main com.imaginea.qctree.hive.Hivejdbc - Adding row : [ P2 Google p 0.0 ]
INFO main com.imaginea.qctree.hive.Hivejdbc - Adding row : [ P1 Borland p 0.0 ]
INFO main com.imaginea.qctree.hive.Hivejdbc - Adding row : [ P4 Lycos p 0.0 ]
INFO main com.imaginea.qctree.hive.Hivejdbc - Adding row : [ P2 Lavasoft s 0.0 ]
INFO main com.imaginea.qctree.hive.Hivejdbc - Adding row : [ P2 Altavista p 0.0 ]
INFO main com.imaginea.qctree.hive.Hivejdbc - Adding row : [ P6 Altavista p 0.0 ]
INFO main com.imaginea.qctree.hive.Hivejdbc - Adding row : [ P2 Altavista s 0.0 ]
INFO main com.imaginea.qctree.hive.Hivejdbc - Adding row : [ P3 Apple Systems s 0.0 ]
INFO main com.imaginea.qctree.hive.Hivejdbc - Adding row : [ P5 Borland s 0.0 ]
INFO main com.imaginea.qctree.hive.Hivejdbc - Adding row : [ P8 Chami s 0.0 ]
INFO main com.imaginea.qctree.hive.Hivejdbc - Adding row : [ P6 Borland s 0.0 ]
INFO main com.imaginea.qctree.hive.Hivejdbc - Adding row : [ P6 Yahoo p 0.0 ]
INFO main com.imaginea.qctree.hive.Hivejdbc - Adding row : [ P3 Google p 0.0 ]
INFO main com.imaginea.qctree.hive.Hivejdbc - Adding row : [ P5 Macromedia s 0.0 ]
INFO main com.imaginea.qctree.hive.Hivejdbc - Adding row : [ P9 Finale s 0.0 ]
INFO main com.imaginea.qctree.hive.Hivejdbc - Adding row : [ P9 Cakewalk p 0.0 ]
INFO main com.imaginea.qctree.hive.Hivejdbc - Adding row : [ P4 Chami p 0.0 ]
INFO main com.imaginea.qctree.hive.Hivejdbc - Adding row : [ P10 Cakewalk s 0.0 ]
INFO main com.imaginea.qctree.hive.Hivejdbc - Adding row : [ P9 Lycos s 0.0 ]
INFO main com.imaginea.qctree.hive.Hivejdbc - Adding row : [ P4 Adobe p 0.0 ]
INFO main com.imaginea.qctree.hive.Hivejdbc - Adding row : [ P6 Altavista s 0.0 ]
INFO main com.imaginea.qctree.hive.Hivejdbc - Adding row : [ P9 Lycos s 0.0 ]
INFO main com.imaginea.qctree.hive.Hivejdbc - Adding row : [ P7 Cakewalk s 0.0 ]
INFO main com.imaginea.qctree.hive.Hivejdbc - Adding row : [ P1 Adobe s 0.0 ]
INFO main com.imaginea.qctree.hive.Hivejdbc - Adding row : [ P5 Yahoo s 0.0 ]
INFO main com.imaginea.qctree.hive.Hivejdbc - Adding row : [ P10 Apple Systems s 0.0 ]
INFO main com.imaginea.qctree.hive.Hivejdbc - Adding row : [ P1 Lycos s 0.0 ]
INFO main com.imaginea.qctree.hive.Hivejdbc - Adding row : [ P6 Microsoft p 0.0 ]
INFO main com.imaginea.qctree.hive.Hivejdbc - Adding row : [ P3 Lycos p 0.0 ]
INFO main com.imaginea.qctree.hive.Hivejdbc - Adding row : [ P9 Yahoo s 0.0 ]
INFO main com.imaginea.qctree.hive.Hivejdbc - Adding row : [ P10 Macromedia p 0.0 ]
INFO main com.imaginea.qctree.hive.Hivejdbc - Adding row : [ P6 Cakewalk s 0.0 ]
INFO main com.imaginea.qctree.hive.Hivejdbc - Adding row : [ P10 Adobe s 0.0 ]
INFO main com.imaginea.qctree.hive.Hivejdbc - Adding row : [ P7 Cakewalk p 0.0 ]
INFO main com.imaginea.qctree.hive.Hivejdbc - Adding row : [ P10 Adobe p 0.0 ]
INFO main com.imaginea.qctree.hive.Hivejdbc - Adding row : [ P1 Apple Systems p 0.0 ]
INFO main com.imaginea.qctree.hive.Hivejdbc - Adding row : [ P10 Altavista s 0.0 ]
INFO main com.imaginea.qctree.hive.Hivejdbc - Adding row : [ P3 Lycos s 0.0 ]
INFO main com.imaginea.qctree.hive.Hivejdbc - Adding row : [ P7 Finale p 0.0 ]
INFO main com.imaginea.qctree.hive.Hivejdbc - Adding row : [ P8 Chami s 0.0 ]
INFO main com.imaginea.qctree.hive.Hivejdbc - Adding row : [ P1 Finale s 0.0 ]
INFO main com.imaginea.qctree.hive.Hivejdbc - Adding row : [ P3 Yahoo s 0.0 ]
INFO main com.imaginea.qctree.hive.Hivejdbc - Adding row : [ P6 Adobe p 0.0 ]
INFO main com.imaginea.qctree.hive.Hivejdbc - Adding row : [ P4 Cakewalk s 0.0 ]
INFO main com.imaginea.qctree.hive.Hivejdbc - Adding row : [ P5 Cakewalk p 0.0 ]
INFO main com.imaginea.qctree.hive.Hivejdbc - Adding row : [ P4 Adobe p 0.0 ]
INFO main com.imaginea.qctree.hive.Hivejdbc - Adding row : [ P1 Sibelius p 0.0 ]
INFO main com.imaginea.qctree.hive.Hivejdbc - Adding row : [ P9 Google p 0.0 ]
INFO main com.imaginea.qctree.hive.Hivejdbc - Adding row : [ P6 Adobe p 0.0 ]
INFO main com.imaginea.qctree.hive.Hivejdbc - Adding row : [ P1 Apple Systems s 0.0 ]
INFO main com.imaginea.qctree.hive.Hivejdbc - Adding row : [ P7 Altavista s 0.0 ]
INFO main com.imaginea.qctree.hive.Hivejdbc - Adding row : [ P9 Sibelius s 0.0 ]
INFO main com.imaginea.qctree.hive.Hivejdbc - Adding row : [ P3 Chami p 0.0 ]
INFO main com.imaginea.qctree.hive.Hivejdbc - Adding row : [ P8 Cakewalk p 0.0 ]
INFO main com.imaginea.qctree.hive.Hivejdbc - Adding row : [ P9 Microsoft p 0.0 ]
INFO main com.imaginea.qctree.hive.Hivejdbc - Adding row : [ P8 Sibelius p 0.0 ]
INFO main com.imaginea.qctree.hive.Hivejdbc - Adding row : [ P2 Borland p 0.0 ]
INFO main com.imaginea.qctree.hive.Hivejdbc - Adding row : [ P4 Chami p 0.0 ]
INFO main com.imaginea.qctree.hive.Hivejdbc - Adding row : [ P10 Lavasoft p 0.0 ]
INFO main com.imaginea.qctree.hive.Hivejdbc - Adding row : [ P6 Adobe p 0.0 ]
INFO main com.imaginea.qctree.hive.Hivejdbc - Adding row : [ P2 Cakewalk p 0.0 ]
INFO main com.imaginea.qctree.hive.Hivejdbc - Adding row : [ P1 Chami s 0.0 ]
INFO main com.imaginea.qctree.hive.Hivejdbc - Adding row : [ P10 Finale s 0.0 ]
INFO main com.imaginea.qctree.hive.Hivejdbc - Adding row : [ P9 Cakewalk s 0.0 ]
INFO main com.imaginea.qctree.hive.Hivejdbc - Adding row : [ P7 Apple Systems p 0.0 ]
INFO main com.imaginea.qctree.hive.Hivejdbc - Adding row : [ P9 Borland s 0.0 ]
INFO main com.imaginea.qctree.hive.Hivejdbc - Adding row : [ P6 Microsoft p 0.0 ]
INFO main com.imaginea.qctree.hive.Hivejdbc - Adding row : [ P8 Altavista s 0.0 ]
INFO main com.imaginea.qctree.hive.Hivejdbc - Adding row : [ P4 Lavasoft s 0.0 ]
INFO main com.imaginea.qctree.hive.Hivejdbc - Adding row : [ P10 Adobe s 0.0 ]
INFO main com.imaginea.qctree.hive.Hivejdbc - Adding row : [ P10 Cakewalk p 0.0 ]
INFO main com.imaginea.qctree.hive.Hivejdbc - Adding row : [ P1 Lavasoft s 0.0 ]
INFO main com.imaginea.qctree.hive.Hivejdbc - Adding row : [ P10 Yahoo p 0.0 ]
INFO main com.imaginea.qctree.hive.Hivejdbc - Adding row : [ P7 Cakewalk s 0.0 ]
INFO main com.imaginea.qctree.hive.Hivejdbc - Adding row : [ P1 Borland p 0.0 ]
INFO main com.imaginea.qctree.hive.Hivejdbc - Adding row : [ P3 Macromedia p 0.0 ]
INFO main com.imaginea.qctree.hive.Hivejdbc - Adding row : [ P7 Chami s 0.0 ]
INFO main com.imaginea.qctree.hive.Hivejdbc - Adding row : [ P8 Google p 0.0 ]
INFO main com.imaginea.qctree.hive.Hivejdbc - Adding row : [ P3 Chami s 0.0 ]
INFO main com.imaginea.qctree.hive.Hivejdbc - Adding row : [ P5 Sibelius p 0.0 ]
INFO main com.imaginea.qctree.hive.Hivejdbc - Adding row : [ P8 Google s 0.0 ]
INFO main com.imaginea.qctree.hive.Hivejdbc - Adding row : [ P6 Cakewalk p 0.0 ]
INFO main com.imaginea.qctree.hive.Hivejdbc - /home/hadoop/work/Java-Projects/HiveQctree/qcube_lattice.csv
INFO main com.imaginea.qctree.hive.Hivejdbc - Adding row : [ P1 Macromedia s 0.0 ]
INFO main com.imaginea.qctree.hive.Hivejdbc - Adding row : [ P9 Sibelius p 0.0 ]
INFO main com.imaginea.qctree.hive.Hivejdbc - Adding row : [ P4 Borland s 0.0 ]
INFO main com.imaginea.qctree.hive.Hivejdbc - Adding row : [ P10 Yahoo s 0.0 ]
INFO main com.imaginea.qctree.hive.Hivejdbc - Adding row : [ P8 Altavista p 0.0 ]
INFO main com.imaginea.qctree.hive.Hivejdbc - Adding row : [ P6 Sibelius s 0.0 ]
INFO main com.imaginea.qctree.hive.Hivejdbc - Adding row : [ P1 Lycos p 0.0 ]
INFO main com.imaginea.qctree.hive.Hivejdbc - Adding row : [ P2 Yahoo s 0.0 ]
INFO main com.imaginea.qctree.hive.Hivejdbc - Adding row : [ P5 Google p 0.0 ]
INFO main com.imaginea.qctree.hive.Hivejdbc - Adding row : [ P3 Google s 0.0 ]
INFO main com.imaginea.qctree.hive.Hivejdbc - Adding row : [ P8 Altavista p 0.0 ]
INFO main com.imaginea.qctree.hive.Hivejdbc - Adding row : [ P2 Microsoft s 0.0 ]
INFO main com.imaginea.qctree.hive.Hivejdbc - Adding row : [ P4 Borland s 0.0 ]
INFO main com.imaginea.qctree.hive.Hivejdbc - Adding row : [ P4 Finale s 0.0 ]
INFO main com.imaginea.qctree.hive.Hivejdbc - Adding row : [ P2 Lavasoft p 0.0 ]
INFO main com.imaginea.qctree.hive.Hivejdbc - Adding row : [ P3 Microsoft s 0.0 ]
INFO main com.imaginea.qctree.hive.Hivejdbc - Adding row : [ P2 Finale s 0.0 ]
INFO main com.imaginea.qctree.hive.Hivejdbc - Adding row : [ P8 Apple Systems p 0.0 ]
INFO main com.imaginea.qctree.hive.Hivejdbc - Adding row : [ P2 Google p 0.0 ]
INFO main com.imaginea.qctree.hive.Hivejdbc - Adding row : [ P1 Borland p 0.0 ]
INFO main com.imaginea.qctree.hive.Hivejdbc - Adding row : [ P4 Lycos p 0.0 ]
INFO main com.imaginea.qctree.hive.Hivejdbc - Adding row : [ P2 Lavasoft s 0.0 ]
INFO main com.imaginea.qctree.hive.Hivejdbc - Adding row : [ P2 Altavista p 0.0 ]
INFO main com.imaginea.qctree.hive.Hivejdbc - Adding row : [ P6 Altavista p 0.0 ]
INFO main com.imaginea.qctree.hive.Hivejdbc - Adding row : [ P2 Altavista s 0.0 ]
INFO main com.imaginea.qctree.hive.Hivejdbc - Adding row : [ P3 Apple Systems s 0.0 ]
INFO main com.imaginea.qctree.hive.Hivejdbc - Adding row : [ P5 Borland s 0.0 ]
INFO main com.imaginea.qctree.hive.Hivejdbc - Adding row : [ P8 Chami s 0.0 ]
INFO main com.imaginea.qctree.hive.Hivejdbc - Adding row : [ P6 Borland s 0.0 ]
INFO main com.imaginea.qctree.hive.Hivejdbc - Adding row : [ P6 Yahoo p 0.0 ]
INFO main com.imaginea.qctree.hive.Hivejdbc - Adding row : [ P3 Google p 0.0 ]
INFO main com.imaginea.qctree.hive.Hivejdbc - Adding row : [ P5 Macromedia s 0.0 ]
INFO main com.imaginea.qctree.hive.Hivejdbc - Adding row : [ P9 Finale s 0.0 ]
INFO main com.imaginea.qctree.hive.Hivejdbc - Adding row : [ P9 Cakewalk p 0.0 ]
INFO main com.imaginea.qctree.hive.Hivejdbc - Adding row : [ P4 Chami p 0.0 ]
INFO main com.imaginea.qctree.hive.Hivejdbc - Adding row : [ P10 Cakewalk s 0.0 ]
INFO main com.imaginea.qctree.hive.Hivejdbc - Adding row : [ P9 Lycos s 0.0 ]
INFO main com.imaginea.qctree.hive.Hivejdbc - Adding row : [ P4 Adobe p 0.0 ]
INFO main com.imaginea.qctree.hive.Hivejdbc - Adding row : [ P6 Altavista s 0.0 ]
INFO main com.imaginea.qctree.hive.Hivejdbc - Adding row : [ P9 Lycos s 0.0 ]
INFO main com.imaginea.qctree.hive.Hivejdbc - Adding row : [ P7 Cakewalk s 0.0 ]
INFO main com.imaginea.qctree.hive.Hivejdbc - Adding row : [ P1 Adobe s 0.0 ]
INFO main com.imaginea.qctree.hive.Hivejdbc - Adding row : [ P5 Yahoo s 0.0 ]
INFO main com.imaginea.qctree.hive.Hivejdbc - Adding row : [ P10 Apple Systems s 0.0 ]
INFO main com.imaginea.qctree.hive.Hivejdbc - Adding row : [ P1 Lycos s 0.0 ]
INFO main com.imaginea.qctree.hive.Hivejdbc - Adding row : [ P6 Microsoft p 0.0 ]
INFO main com.imaginea.qctree.hive.Hivejdbc - Adding row : [ P3 Lycos p 0.0 ]
INFO main com.imaginea.qctree.hive.Hivejdbc - Adding row : [ P9 Yahoo s 0.0 ]
INFO main com.imaginea.qctree.hive.Hivejdbc - Adding row : [ P10 Macromedia p 0.0 ]
INFO main com.imaginea.qctree.hive.Hivejdbc - Adding row : [ P6 Cakewalk s 0.0 ]
INFO main com.imaginea.qctree.hive.Hivejdbc - Adding row : [ P10 Adobe s 0.0 ]
INFO main com.imaginea.qctree.hive.Hivejdbc - Adding row : [ P7 Cakewalk p 0.0 ]
INFO main com.imaginea.qctree.hive.Hivejdbc - Adding row : [ P10 Adobe p 0.0 ]
INFO main com.imaginea.qctree.hive.Hivejdbc - Adding row : [ P1 Apple Systems p 0.0 ]
INFO main com.imaginea.qctree.hive.Hivejdbc - Adding row : [ P10 Altavista s 0.0 ]
INFO main com.imaginea.qctree.hive.Hivejdbc - Adding row : [ P3 Lycos s 0.0 ]
INFO main com.imaginea.qctree.hive.Hivejdbc - Adding row : [ P7 Finale p 0.0 ]
INFO main com.imaginea.qctree.hive.Hivejdbc - Adding row : [ P8 Chami s 0.0 ]
INFO main com.imaginea.qctree.hive.Hivejdbc - Adding row : [ P1 Finale s 0.0 ]
INFO main com.imaginea.qctree.hive.Hivejdbc - Adding row : [ P3 Yahoo s 0.0 ]
INFO main com.imaginea.qctree.hive.Hivejdbc - Adding row : [ P6 Adobe p 0.0 ]
INFO main com.imaginea.qctree.hive.Hivejdbc - Adding row : [ P4 Cakewalk s 0.0 ]
INFO main com.imaginea.qctree.hive.Hivejdbc - Adding row : [ P5 Cakewalk p 0.0 ]
INFO main com.imaginea.qctree.hive.Hivejdbc - Adding row : [ P4 Adobe p 0.0 ]
INFO main com.imaginea.qctree.hive.Hivejdbc - Adding row : [ P1 Sibelius p 0.0 ]
INFO main com.imaginea.qctree.hive.Hivejdbc - Adding row : [ P9 Google p 0.0 ]
INFO main com.imaginea.qctree.hive.Hivejdbc - Adding row : [ P6 Adobe p 0.0 ]
INFO main com.imaginea.qctree.hive.Hivejdbc - Adding row : [ P1 Apple Systems s 0.0 ]
INFO main com.imaginea.qctree.hive.Hivejdbc - Adding row : [ P7 Altavista s 0.0 ]
INFO main com.imaginea.qctree.hive.Hivejdbc - Adding row : [ P9 Sibelius s 0.0 ]
INFO main com.imaginea.qctree.hive.Hivejdbc - Adding row : [ P3 Chami p 0.0 ]
INFO main com.imaginea.qctree.hive.Hivejdbc - Adding row : [ P8 Cakewalk p 0.0 ]
INFO main com.imaginea.qctree.hive.Hivejdbc - Adding row : [ P9 Microsoft p 0.0 ]
INFO main com.imaginea.qctree.hive.Hivejdbc - Adding row : [ P8 Sibelius p 0.0 ]
INFO main com.imaginea.qctree.hive.Hivejdbc - Adding row : [ P2 Borland p 0.0 ]
INFO main com.imaginea.qctree.hive.Hivejdbc - Adding row : [ P4 Chami p 0.0 ]
INFO main com.imaginea.qctree.hive.Hivejdbc - Adding row : [ P10 Lavasoft p 0.0 ]
INFO main com.imaginea.qctree.hive.Hivejdbc - Adding row : [ P6 Adobe p 0.0 ]
INFO main com.imaginea.qctree.hive.Hivejdbc - Adding row : [ P2 Cakewalk p 0.0 ]
INFO main com.imaginea.qctree.hive.Hivejdbc - Adding row : [ P1 Chami s 0.0 ]
INFO main com.imaginea.qctree.hive.Hivejdbc - Adding row : [ P10 Finale s 0.0 ]
INFO main com.imaginea.qctree.hive.Hivejdbc - Adding row : [ P9 Cakewalk s 0.0 ]
INFO main com.imaginea.qctree.hive.Hivejdbc - Adding row : [ P7 Apple Systems p 0.0 ]
INFO main com.imaginea.qctree.hive.Hivejdbc - Adding row : [ P9 Borland s 0.0 ]
INFO main com.imaginea.qctree.hive.Hivejdbc - Adding row : [ P6 Microsoft p 0.0 ]
INFO main com.imaginea.qctree.hive.Hivejdbc - Adding row : [ P8 Altavista s 0.0 ]
INFO main com.imaginea.qctree.hive.Hivejdbc - Adding row : [ P4 Lavasoft s 0.0 ]
INFO main com.imaginea.qctree.hive.Hivejdbc - Adding row : [ P10 Adobe s 0.0 ]
INFO main com.imaginea.qctree.hive.Hivejdbc - Adding row : [ P10 Cakewalk p 0.0 ]
INFO main com.imaginea.qctree.hive.Hivejdbc - Adding row : [ P1 Lavasoft s 0.0 ]
INFO main com.imaginea.qctree.hive.Hivejdbc - Adding row : [ P10 Yahoo p 0.0 ]
INFO main com.imaginea.qctree.hive.Hivejdbc - Adding row : [ P7 Cakewalk s 0.0 ]
INFO main com.imaginea.qctree.hive.Hivejdbc - Adding row : [ P1 Borland p 0.0 ]
INFO main com.imaginea.qctree.hive.Hivejdbc - Adding row : [ P3 Macromedia p 0.0 ]
INFO main com.imaginea.qctree.hive.Hivejdbc - Adding row : [ P7 Chami s 0.0 ]
INFO main com.imaginea.qctree.hive.Hivejdbc - Adding row : [ P8 Google p 0.0 ]
INFO main com.imaginea.qctree.hive.Hivejdbc - Adding row : [ P3 Chami s 0.0 ]
INFO main com.imaginea.qctree.hive.Hivejdbc - Adding row : [ P5 Sibelius p 0.0 ]
INFO main com.imaginea.qctree.hive.Hivejdbc - Adding row : [ P8 Google s 0.0 ]
INFO main com.imaginea.qctree.hive.Hivejdbc - Adding row : [ P6 Cakewalk p 0.0 ]
INFO main com.imaginea.qctree.hive.Hivejdbc - /home/hadoop/work/Java-Projects/HiveQctree/qcube_lattice.csv
INFO main com.imaginea.qctree.hive.Hivejdbc - Adding row : [ P1 Macromedia s 0.0 ]
INFO main com.imaginea.qctree.hive.Hivejdbc - Adding row : [ P9 Sibelius p 0.0 ]
INFO main com.imaginea.qctree.hive.Hivejdbc - Adding row : [ P4 Borland s 0.0 ]
INFO main com.imaginea.qctree.hive.Hivejdbc - Adding row : [ P10 Yahoo s 0.0 ]
INFO main com.imaginea.qctree.hive.Hivejdbc - Adding row : [ P8 Altavista p 0.0 ]
INFO main com.imaginea.qctree.hive.Hivejdbc - Adding row : [ P6 Sibelius s 0.0 ]
INFO main com.imaginea.qctree.hive.Hivejdbc - Adding row : [ P1 Lycos p 0.0 ]
INFO main com.imaginea.qctree.hive.Hivejdbc - Adding row : [ P2 Yahoo s 0.0 ]
INFO main com.imaginea.qctree.hive.Hivejdbc - Adding row : [ P5 Google p 0.0 ]
INFO main com.imaginea.qctree.hive.Hivejdbc - Adding row : [ P3 Google s 0.0 ]
INFO main com.imaginea.qctree.hive.Hivejdbc - Adding row : [ P8 Altavista p 0.0 ]
INFO main com.imaginea.qctree.hive.Hivejdbc - Adding row : [ P2 Microsoft s 0.0 ]
INFO main com.imaginea.qctree.hive.Hivejdbc - Adding row : [ P4 Borland s 0.0 ]
INFO main com.imaginea.qctree.hive.Hivejdbc - Adding row : [ P4 Finale s 0.0 ]
INFO main com.imaginea.qctree.hive.Hivejdbc - Adding row : [ P2 Lavasoft p 0.0 ]
INFO main com.imaginea.qctree.hive.Hivejdbc - Adding row : [ P3 Microsoft s 0.0 ]
INFO main com.imaginea.qctree.hive.Hivejdbc - Adding row : [ P2 Finale s 0.0 ]
INFO main com.imaginea.qctree.hive.Hivejdbc - Adding row : [ P8 Apple Systems p 0.0 ]
INFO main com.imaginea.qctree.hive.Hivejdbc - Adding row : [ P2 Google p 0.0 ]
INFO main com.imaginea.qctree.hive.Hivejdbc - Adding row : [ P1 Borland p 0.0 ]
INFO main com.imaginea.qctree.hive.Hivejdbc - Adding row : [ P4 Lycos p 0.0 ]
INFO main com.imaginea.qctree.hive.Hivejdbc - Adding row : [ P2 Lavasoft s 0.0 ]
INFO main com.imaginea.qctree.hive.Hivejdbc - Adding row : [ P2 Altavista p 0.0 ]
INFO main com.imaginea.qctree.hive.Hivejdbc - Adding row : [ P6 Altavista p 0.0 ]
INFO main com.imaginea.qctree.hive.Hivejdbc - Adding row : [ P2 Altavista s 0.0 ]
INFO main com.imaginea.qctree.hive.Hivejdbc - Adding row : [ P3 Apple Systems s 0.0 ]
INFO main com.imaginea.qctree.hive.Hivejdbc - Adding row : [ P5 Borland s 0.0 ]
INFO main com.imaginea.qctree.hive.Hivejdbc - Adding row : [ P8 Chami s 0.0 ]
INFO main com.imaginea.qctree.hive.Hivejdbc - Adding row : [ P6 Borland s 0.0 ]
INFO main com.imaginea.qctree.hive.Hivejdbc - Adding row : [ P6 Yahoo p 0.0 ]
INFO main com.imaginea.qctree.hive.Hivejdbc - Adding row : [ P3 Google p 0.0 ]
INFO main com.imaginea.qctree.hive.Hivejdbc - Adding row : [ P5 Macromedia s 0.0 ]
INFO main com.imaginea.qctree.hive.Hivejdbc - Adding row : [ P9 Finale s 0.0 ]
INFO main com.imaginea.qctree.hive.Hivejdbc - Adding row : [ P9 Cakewalk p 0.0 ]
INFO main com.imaginea.qctree.hive.Hivejdbc - Adding row : [ P4 Chami p 0.0 ]
INFO main com.imaginea.qctree.hive.Hivejdbc - Adding row : [ P10 Cakewalk s 0.0 ]
INFO main com.imaginea.qctree.hive.Hivejdbc - Adding row : [ P9 Lycos s 0.0 ]
INFO main com.imaginea.qctree.hive.Hivejdbc - Adding row : [ P4 Adobe p 0.0 ]
INFO main com.imaginea.qctree.hive.Hivejdbc - Adding row : [ P6 Altavista s 0.0 ]
INFO main com.imaginea.qctree.hive.Hivejdbc - Adding row : [ P9 Lycos s 0.0 ]
INFO main com.imaginea.qctree.hive.Hivejdbc - Adding row : [ P7 Cakewalk s 0.0 ]
INFO main com.imaginea.qctree.hive.Hivejdbc - Adding row : [ P1 Adobe s 0.0 ]
INFO main com.imaginea.qctree.hive.Hivejdbc - Adding row : [ P5 Yahoo s 0.0 ]
INFO main com.imaginea.qctree.hive.Hivejdbc - Adding row : [ P10 Apple Systems s 0.0 ]
INFO main com.imaginea.qctree.hive.Hivejdbc - Adding row : [ P1 Lycos s 0.0 ]
INFO main com.imaginea.qctree.hive.Hivejdbc - Adding row : [ P6 Microsoft p 0.0 ]
INFO main com.imaginea.qctree.hive.Hivejdbc - Adding row : [ P3 Lycos p 0.0 ]
INFO main com.imaginea.qctree.hive.Hivejdbc - Adding row : [ P9 Yahoo s 0.0 ]
INFO main com.imaginea.qctree.hive.Hivejdbc - Adding row : [ P10 Macromedia p 0.0 ]
INFO main com.imaginea.qctree.hive.Hivejdbc - Adding row : [ P6 Cakewalk s 0.0 ]
INFO main com.imaginea.qctree.hive.Hivejdbc - Adding row : [ P10 Adobe s 0.0 ]
INFO main com.imaginea.qctree.hive.Hivejdbc - Adding row : [ P7 Cakewalk p 0.0 ]
INFO main com.imaginea.qctree.hive.Hivejdbc - Adding row : [ P10 Adobe p 0.0 ]
INFO main com.imaginea.qctree.hive.Hivejdbc - Adding row : [ P1 Apple Systems p 0.0 ]
INFO main com.imaginea.qctree.hive.Hivejdbc - Adding row : [ P10 Altavista s 0.0 ]
INFO main com.imaginea.qctree.hive.Hivejdbc - Adding row : [ P3 Lycos s 0.0 ]
INFO main com.imaginea.qctree.hive.Hivejdbc - Adding row : [ P7 Finale p 0.0 ]
INFO main com.imaginea.qctree.hive.Hivejdbc - Adding row : [ P8 Chami s 0.0 ]
INFO main com.imaginea.qctree.hive.Hivejdbc - Adding row : [ P1 Finale s 0.0 ]
INFO main com.imaginea.qctree.hive.Hivejdbc - Adding row : [ P3 Yahoo s 0.0 ]
INFO main com.imaginea.qctree.hive.Hivejdbc - Adding row : [ P6 Adobe p 0.0 ]
INFO main com.imaginea.qctree.hive.Hivejdbc - Adding row : [ P4 Cakewalk s 0.0 ]
INFO main com.imaginea.qctree.hive.Hivejdbc - Adding row : [ P5 Cakewalk p 0.0 ]
INFO main com.imaginea.qctree.hive.Hivejdbc - Adding row : [ P4 Adobe p 0.0 ]
INFO main com.imaginea.qctree.hive.Hivejdbc - Adding row : [ P1 Sibelius p 0.0 ]
INFO main com.imaginea.qctree.hive.Hivejdbc - Adding row : [ P9 Google p 0.0 ]
INFO main com.imaginea.qctree.hive.Hivejdbc - Adding row : [ P6 Adobe p 0.0 ]
INFO main com.imaginea.qctree.hive.Hivejdbc - Adding row : [ P1 Apple Systems s 0.0 ]
INFO main com.imaginea.qctree.hive.Hivejdbc - Adding row : [ P7 Altavista s 0.0 ]
INFO main com.imaginea.qctree.hive.Hivejdbc - Adding row : [ P9 Sibelius s 0.0 ]
INFO main com.imaginea.qctree.hive.Hivejdbc - Adding row : [ P3 Chami p 0.0 ]
INFO main com.imaginea.qctree.hive.Hivejdbc - Adding row : [ P8 Cakewalk p 0.0 ]
INFO main com.imaginea.qctree.hive.Hivejdbc - Adding row : [ P9 Microsoft p 0.0 ]
INFO main com.imaginea.qctree.hive.Hivejdbc - Adding row : [ P8 Sibelius p 0.0 ]
INFO main com.imaginea.qctree.hive.Hivejdbc - Adding row : [ P2 Borland p 0.0 ]
INFO main com.imaginea.qctree.hive.Hivejdbc - Adding row : [ P4 Chami p 0.0 ]
INFO main com.imaginea.qctree.hive.Hivejdbc - Adding row : [ P10 Lavasoft p 0.0 ]
INFO main com.imaginea.qctree.hive.Hivejdbc - Adding row : [ P6 Adobe p 0.0 ]
INFO main com.imaginea.qctree.hive.Hivejdbc - Adding row : [ P2 Cakewalk p 0.0 ]
INFO main com.imaginea.qctree.hive.Hivejdbc - Adding row : [ P1 Chami s 0.0 ]
INFO main com.imaginea.qctree.hive.Hivejdbc - Adding row : [ P10 Finale s 0.0 ]
INFO main com.imaginea.qctree.hive.Hivejdbc - Adding row : [ P9 Cakewalk s 0.0 ]
INFO main com.imaginea.qctree.hive.Hivejdbc - Adding row : [ P7 Apple Systems p 0.0 ]
INFO main com.imaginea.qctree.hive.Hivejdbc - Adding row : [ P9 Borland s 0.0 ]
INFO main com.imaginea.qctree.hive.Hivejdbc - Adding row : [ P6 Microsoft p 0.0 ]
INFO main com.imaginea.qctree.hive.Hivejdbc - Adding row : [ P8 Altavista s 0.0 ]
INFO main com.imaginea.qctree.hive.Hivejdbc - Adding row : [ P4 Lavasoft s 0.0 ]
INFO main com.imaginea.qctree.hive.Hivejdbc - Adding row : [ P10 Adobe s 0.0 ]
INFO main com.imaginea.qctree.hive.Hivejdbc - Adding row : [ P10 Cakewalk p 0.0 ]
INFO main com.imaginea.qctree.hive.Hivejdbc - Adding row : [ P1 Lavasoft s 0.0 ]
INFO main com.imaginea.qctree.hive.Hivejdbc - Adding row : [ P10 Yahoo p 0.0 ]
INFO main com.imaginea.qctree.hive.Hivejdbc - Adding row : [ P7 Cakewalk s 0.0 ]
INFO main com.imaginea.qctree.hive.Hivejdbc - Adding row : [ P1 Borland p 0.0 ]
INFO main com.imaginea.qctree.hive.Hivejdbc - Adding row : [ P3 Macromedia p 0.0 ]
INFO main com.imaginea.qctree.hive.Hivejdbc - Adding row : [ P7 Chami s 0.0 ]
INFO main com.imaginea.qctree.hive.Hivejdbc - Adding row : [ P8 Google p 0.0 ]
INFO main com.imaginea.qctree.hive.Hivejdbc - Adding row : [ P3 Chami s 0.0 ]
INFO main com.imaginea.qctree.hive.Hivejdbc - Adding row : [ P5 Sibelius p 0.0 ]
INFO main com.imaginea.qctree.hive.Hivejdbc - Adding row : [ P8 Google s 0.0 ]
INFO main com.imaginea.qctree.hive.Hivejdbc - Adding row : [ P6 Cakewalk p 0.0 ]
INFO main com.imaginea.qctree.hive.Hivejdbc - /home/hadoop/work/Java-Projects/HiveQctree/qcube_lattice.csv
INFO main com.imaginea.qctree.hive.Hivejdbc - Adding row : [ P1 Macromedia s 0.0 ]
INFO main com.imaginea.qctree.hive.Hivejdbc - Adding row : [ P9 Sibelius p 0.0 ]
INFO main com.imaginea.qctree.hive.Hivejdbc - Adding row : [ P4 Borland s 0.0 ]
INFO main com.imaginea.qctree.hive.Hivejdbc - Adding row : [ P10 Yahoo s 0.0 ]
INFO main com.imaginea.qctree.hive.Hivejdbc - Adding row : [ P8 Altavista p 0.0 ]
INFO main com.imaginea.qctree.hive.Hivejdbc - Adding row : [ P6 Sibelius s 0.0 ]
INFO main com.imaginea.qctree.hive.Hivejdbc - Adding row : [ P1 Lycos p 0.0 ]
INFO main com.imaginea.qctree.hive.Hivejdbc - Adding row : [ P2 Yahoo s 0.0 ]
INFO main com.imaginea.qctree.hive.Hivejdbc - Adding row : [ P5 Google p 0.0 ]
INFO main com.imaginea.qctree.hive.Hivejdbc - Adding row : [ P3 Google s 0.0 ]
INFO main com.imaginea.qctree.hive.Hivejdbc - Adding row : [ P8 Altavista p 0.0 ]
INFO main com.imaginea.qctree.hive.Hivejdbc - Adding row : [ P2 Microsoft s 0.0 ]
INFO main com.imaginea.qctree.hive.Hivejdbc - Adding row : [ P4 Borland s 0.0 ]
INFO main com.imaginea.qctree.hive.Hivejdbc - Adding row : [ P4 Finale s 0.0 ]
INFO main com.imaginea.qctree.hive.Hivejdbc - Adding row : [ P2 Lavasoft p 0.0 ]
INFO main com.imaginea.qctree.hive.Hivejdbc - Adding row : [ P3 Microsoft s 0.0 ]
INFO main com.imaginea.qctree.hive.Hivejdbc - Adding row : [ P2 Finale s 0.0 ]
INFO main com.imaginea.qctree.hive.Hivejdbc - Adding row : [ P8 Apple Systems p 0.0 ]
INFO main com.imaginea.qctree.hive.Hivejdbc - Adding row : [ P2 Google p 0.0 ]
INFO main com.imaginea.qctree.hive.Hivejdbc - Adding row : [ P1 Borland p 0.0 ]
INFO main com.imaginea.qctree.hive.Hivejdbc - Adding row : [ P4 Lycos p 0.0 ]
INFO main com.imaginea.qctree.hive.Hivejdbc - Adding row : [ P2 Lavasoft s 0.0 ]
INFO main com.imaginea.qctree.hive.Hivejdbc - Adding row : [ P2 Altavista p 0.0 ]
INFO main com.imaginea.qctree.hive.Hivejdbc - Adding row : [ P6 Altavista p 0.0 ]
INFO main com.imaginea.qctree.hive.Hivejdbc - Adding row : [ P2 Altavista s 0.0 ]
INFO main com.imaginea.qctree.hive.Hivejdbc - Adding row : [ P3 Apple Systems s 0.0 ]
INFO main com.imaginea.qctree.hive.Hivejdbc - Adding row : [ P5 Borland s 0.0 ]
INFO main com.imaginea.qctree.hive.Hivejdbc - Adding row : [ P8 Chami s 0.0 ]
INFO main com.imaginea.qctree.hive.Hivejdbc - Adding row : [ P6 Borland s 0.0 ]
INFO main com.imaginea.qctree.hive.Hivejdbc - Adding row : [ P6 Yahoo p 0.0 ]
INFO main com.imaginea.qctree.hive.Hivejdbc - Adding row : [ P3 Google p 0.0 ]
INFO main com.imaginea.qctree.hive.Hivejdbc - Adding row : [ P5 Macromedia s 0.0 ]
INFO main com.imaginea.qctree.hive.Hivejdbc - Adding row : [ P9 Finale s 0.0 ]
INFO main com.imaginea.qctree.hive.Hivejdbc - Adding row : [ P9 Cakewalk p 0.0 ]
INFO main com.imaginea.qctree.hive.Hivejdbc - Adding row : [ P4 Chami p 0.0 ]
INFO main com.imaginea.qctree.hive.Hivejdbc - Adding row : [ P10 Cakewalk s 0.0 ]
INFO main com.imaginea.qctree.hive.Hivejdbc - Adding row : [ P9 Lycos s 0.0 ]
INFO main com.imaginea.qctree.hive.Hivejdbc - Adding row : [ P4 Adobe p 0.0 ]
INFO main com.imaginea.qctree.hive.Hivejdbc - Adding row : [ P6 Altavista s 0.0 ]
INFO main com.imaginea.qctree.hive.Hivejdbc - Adding row : [ P9 Lycos s 0.0 ]
INFO main com.imaginea.qctree.hive.Hivejdbc - Adding row : [ P7 Cakewalk s 0.0 ]
INFO main com.imaginea.qctree.hive.Hivejdbc - Adding row : [ P1 Adobe s 0.0 ]
INFO main com.imaginea.qctree.hive.Hivejdbc - Adding row : [ P5 Yahoo s 0.0 ]
INFO main com.imaginea.qctree.hive.Hivejdbc - Adding row : [ P10 Apple Systems s 0.0 ]
INFO main com.imaginea.qctree.hive.Hivejdbc - Adding row : [ P1 Lycos s 0.0 ]
INFO main com.imaginea.qctree.hive.Hivejdbc - Adding row : [ P6 Microsoft p 0.0 ]
INFO main com.imaginea.qctree.hive.Hivejdbc - Adding row : [ P3 Lycos p 0.0 ]
INFO main com.imaginea.qctree.hive.Hivejdbc - Adding row : [ P9 Yahoo s 0.0 ]
INFO main com.imaginea.qctree.hive.Hivejdbc - Adding row : [ P10 Macromedia p 0.0 ]
INFO main com.imaginea.qctree.hive.Hivejdbc - Adding row : [ P6 Cakewalk s 0.0 ]
INFO main com.imaginea.qctree.hive.Hivejdbc - Adding row : [ P10 Adobe s 0.0 ]
INFO main com.imaginea.qctree.hive.Hivejdbc - Adding row : [ P7 Cakewalk p 0.0 ]
INFO main com.imaginea.qctree.hive.Hivejdbc - Adding row : [ P10 Adobe p 0.0 ]
INFO main com.imaginea.qctree.hive.Hivejdbc - Adding row : [ P1 Apple Systems p 0.0 ]
INFO main com.imaginea.qctree.hive.Hivejdbc - Adding row : [ P10 Altavista s 0.0 ]
INFO main com.imaginea.qctree.hive.Hivejdbc - Adding row : [ P3 Lycos s 0.0 ]
INFO main com.imaginea.qctree.hive.Hivejdbc - Adding row : [ P7 Finale p 0.0 ]
INFO main com.imaginea.qctree.hive.Hivejdbc - Adding row : [ P8 Chami s 0.0 ]
INFO main com.imaginea.qctree.hive.Hivejdbc - Adding row : [ P1 Finale s 0.0 ]
INFO main com.imaginea.qctree.hive.Hivejdbc - Adding row : [ P3 Yahoo s 0.0 ]
INFO main com.imaginea.qctree.hive.Hivejdbc - Adding row : [ P6 Adobe p 0.0 ]
INFO main com.imaginea.qctree.hive.Hivejdbc - Adding row : [ P4 Cakewalk s 0.0 ]
INFO main com.imaginea.qctree.hive.Hivejdbc - Adding row : [ P5 Cakewalk p 0.0 ]
INFO main com.imaginea.qctree.hive.Hivejdbc - Adding row : [ P4 Adobe p 0.0 ]
INFO main com.imaginea.qctree.hive.Hivejdbc - Adding row : [ P1 Sibelius p 0.0 ]
INFO main com.imaginea.qctree.hive.Hivejdbc - Adding row : [ P9 Google p 0.0 ]
INFO main com.imaginea.qctree.hive.Hivejdbc - Adding row : [ P6 Adobe p 0.0 ]
INFO main com.imaginea.qctree.hive.Hivejdbc - Adding row : [ P1 Apple Systems s 0.0 ]
INFO main com.imaginea.qctree.hive.Hivejdbc - Adding row : [ P7 Altavista s 0.0 ]
INFO main com.imaginea.qctree.hive.Hivejdbc - Adding row : [ P9 Sibelius s 0.0 ]
INFO main com.imaginea.qctree.hive.Hivejdbc - Adding row : [ P3 Chami p 0.0 ]
INFO main com.imaginea.qctree.hive.Hivejdbc - Adding row : [ P8 Cakewalk p 0.0 ]
INFO main com.imaginea.qctree.hive.Hivejdbc - Adding row : [ P9 Microsoft p 0.0 ]
INFO main com.imaginea.qctree.hive.Hivejdbc - Adding row : [ P8 Sibelius p 0.0 ]
INFO main com.imaginea.qctree.hive.Hivejdbc - Adding row : [ P2 Borland p 0.0 ]
INFO main com.imaginea.qctree.hive.Hivejdbc - Adding row : [ P4 Chami p 0.0 ]
INFO main com.imaginea.qctree.hive.Hivejdbc - Adding row : [ P10 Lavasoft p 0.0 ]
INFO main com.imaginea.qctree.hive.Hivejdbc - Adding row : [ P6 Adobe p 0.0 ]
INFO main com.imaginea.qctree.hive.Hivejdbc - Adding row : [ P2 Cakewalk p 0.0 ]
INFO main com.imaginea.qctree.hive.Hivejdbc - Adding row : [ P1 Chami s 0.0 ]
INFO main com.imaginea.qctree.hive.Hivejdbc - Adding row : [ P10 Finale s 0.0 ]
INFO main com.imaginea.qctree.hive.Hivejdbc - Adding row : [ P9 Cakewalk s 0.0 ]
INFO main com.imaginea.qctree.hive.Hivejdbc - Adding row : [ P7 Apple Systems p 0.0 ]
INFO main com.imaginea.qctree.hive.Hivejdbc - Adding row : [ P9 Borland s 0.0 ]
INFO main com.imaginea.qctree.hive.Hivejdbc - Adding row : [ P6 Microsoft p 0.0 ]
INFO main com.imaginea.qctree.hive.Hivejdbc - Adding row : [ P8 Altavista s 0.0 ]
INFO main com.imaginea.qctree.hive.Hivejdbc - Adding row : [ P4 Lavasoft s 0.0 ]
INFO main com.imaginea.qctree.hive.Hivejdbc - Adding row : [ P10 Adobe s 0.0 ]
INFO main com.imaginea.qctree.hive.Hivejdbc - Adding row : [ P10 Cakewalk p 0.0 ]
INFO main com.imaginea.qctree.hive.Hivejdbc - Adding row : [ P1 Lavasoft s 0.0 ]
INFO main com.imaginea.qctree.hive.Hivejdbc - Adding row : [ P10 Yahoo p 0.0 ]
INFO main com.imaginea.qctree.hive.Hivejdbc - Adding row : [ P7 Cakewalk s 0.0 ]
INFO main com.imaginea.qctree.hive.Hivejdbc - Adding row : [ P1 Borland p 0.0 ]
INFO main com.imaginea.qctree.hive.Hivejdbc - Adding row : [ P3 Macromedia p 0.0 ]
INFO main com.imaginea.qctree.hive.Hivejdbc - Adding row : [ P7 Chami s 0.0 ]
INFO main com.imaginea.qctree.hive.Hivejdbc - Adding row : [ P8 Google p 0.0 ]
INFO main com.imaginea.qctree.hive.Hivejdbc - Adding row : [ P3 Chami s 0.0 ]
INFO main com.imaginea.qctree.hive.Hivejdbc - Adding row : [ P5 Sibelius p 0.0 ]
INFO main com.imaginea.qctree.hive.Hivejdbc - Adding row : [ P8 Google s 0.0 ]
INFO main com.imaginea.qctree.hive.Hivejdbc - Adding row : [ P6 Cakewalk p 0.0 ]
INFO main com.imaginea.qctree.hive.Hivejdbc - /home/hadoop/work/Java-Projects/HiveQctree/qcube_lattice.csv
